2022-01-29 00:17:40,239 [Worker-12: Loading available Gradle versions] INFO  o.e.b.c.i.u.g.PublishedGradleVersions - Gradle version information cache is out-of-date. Trying to update.
2022-01-29 00:20:28,367 [Worker-17: Creating project "Tets.Automacao"] INFO  o.e.m.c.i.l.LifecycleMappingFactory - Using org.eclipse.m2e.jdt.JarLifecycleMapping lifecycle mapping for MavenProject: br.com.matheus:Tets.Automacao:0.0.1-SNAPSHOT @ C:\Users\mathe\eclipse-workspace\automacaco\Tets.Automacao\pom.xml.
2022-01-29 00:20:32,226 [Worker-17: Creating project "Tets.Automacao"] INFO  o.e.m.j.i.AbstractJavaProjectConfigurator - Adding source folder /Tets.Automacao/src/main/java
2022-01-29 00:20:32,232 [Worker-17: Creating project "Tets.Automacao"] INFO  o.e.m.j.i.AbstractJavaProjectConfigurator - Adding resource folder /Tets.Automacao/src/main/resources
2022-01-29 00:20:32,266 [Worker-17: Creating project "Tets.Automacao"] INFO  o.e.m.j.i.AbstractJavaProjectConfigurator - Adding source folder /Tets.Automacao/src/test/java
2022-01-29 00:20:32,267 [Worker-17: Creating project "Tets.Automacao"] INFO  o.e.m.j.i.AbstractJavaProjectConfigurator - Adding resource folder /Tets.Automacao/src/test/resources
2022-01-29 00:20:35,594 [Worker-23: Building] WARN  o.e.m.c.i.embedder.EclipseLogger - Using platform encoding (Cp1252 actually) to copy filtered resources, i.e. build is platform dependent!
2022-01-29 00:20:35,628 [Worker-23: Building] INFO  o.e.m.c.i.embedder.EclipseLogger - Copying 0 resource
2022-01-29 00:20:35,634 [Worker-23: Building] WARN  o.e.m.c.i.embedder.EclipseLogger - Using platform encoding (Cp1252 actually) to copy filtered resources, i.e. build is platform dependent!
2022-01-29 00:20:35,654 [Worker-23: Building] INFO  o.e.m.c.i.embedder.EclipseLogger - Copying 0 resource
2022-01-29 00:24:34,914 [Worker-26: Building] INFO  o.e.m.c.i.l.LifecycleMappingFactory - Using org.eclipse.m2e.jdt.JarLifecycleMapping lifecycle mapping for MavenProject: br.com.matheus:Tets.Automacao:0.0.1-SNAPSHOT @ C:\Users\mathe\eclipse-workspace\automacaco\Tets.Automacao\pom.xml.
2022-01-29 00:24:57,646 [Worker-26: Building] WARN  o.e.m.c.i.embedder.EclipseLogger - Using platform encoding (Cp1252 actually) to copy filtered resources, i.e. build is platform dependent!
2022-01-29 00:24:57,698 [Worker-26: Building] INFO  o.e.m.c.i.embedder.EclipseLogger - Copying 0 resource
2022-01-29 00:24:57,703 [Worker-26: Building] WARN  o.e.m.c.i.embedder.EclipseLogger - Using platform encoding (Cp1252 actually) to copy filtered resources, i.e. build is platform dependent!
2022-01-29 00:24:57,707 [Worker-26: Building] INFO  o.e.m.c.i.embedder.EclipseLogger - Copying 0 resource
2022-01-29 00:25:00,862 [Worker-12: Building] WARN  o.e.m.c.i.embedder.EclipseLogger - Using platform encoding (Cp1252 actually) to copy filtered resources, i.e. build is platform dependent!
2022-01-29 00:25:00,901 [Worker-12: Building] INFO  o.e.m.c.i.embedder.EclipseLogger - Copying 0 resource
2022-01-29 00:25:00,905 [Worker-12: Building] WARN  o.e.m.c.i.embedder.EclipseLogger - Using platform encoding (Cp1252 actually) to copy filtered resources, i.e. build is platform dependent!
2022-01-29 00:25:00,907 [Worker-12: Building] INFO  o.e.m.c.i.embedder.EclipseLogger - Copying 0 resource
2022-01-29 00:27:39,777 [Worker-27: Building] INFO  o.e.m.c.i.l.LifecycleMappingFactory - Using org.eclipse.m2e.jdt.JarLifecycleMapping lifecycle mapping for MavenProject: br.com.matheus:Tets.Automacao:0.0.1-SNAPSHOT @ C:\Users\mathe\eclipse-workspace\automacaco\Tets.Automacao\pom.xml.
2022-01-29 00:27:44,843 [Worker-27: Building] WARN  o.e.m.c.i.embedder.EclipseLogger - Using platform encoding (Cp1252 actually) to copy filtered resources, i.e. build is platform dependent!
2022-01-29 00:27:44,871 [Worker-27: Building] INFO  o.e.m.c.i.embedder.EclipseLogger - Copying 0 resource
2022-01-29 00:27:44,874 [Worker-27: Building] WARN  o.e.m.c.i.embedder.EclipseLogger - Using platform encoding (Cp1252 actually) to copy filtered resources, i.e. build is platform dependent!
2022-01-29 00:27:44,876 [Worker-27: Building] INFO  o.e.m.c.i.embedder.EclipseLogger - Copying 0 resource
2022-01-29 00:27:47,356 [Worker-22: Building] WARN  o.e.m.c.i.embedder.EclipseLogger - Using platform encoding (Cp1252 actually) to copy filtered resources, i.e. build is platform dependent!
2022-01-29 00:27:47,360 [Worker-22: Building] INFO  o.e.m.c.i.embedder.EclipseLogger - Copying 0 resource
2022-01-29 00:27:47,362 [Worker-22: Building] WARN  o.e.m.c.i.embedder.EclipseLogger - Using platform encoding (Cp1252 actually) to copy filtered resources, i.e. build is platform dependent!
2022-01-29 00:27:47,366 [Worker-22: Building] INFO  o.e.m.c.i.embedder.EclipseLogger - Copying 0 resource
2022-01-29 00:28:29,884 [Worker-22: Building] WARN  o.e.m.c.i.embedder.EclipseLogger - Using platform encoding (Cp1252 actually) to copy filtered resources, i.e. build is platform dependent!
2022-01-29 00:28:29,886 [Worker-22: Building] INFO  o.e.m.c.i.embedder.EclipseLogger - Copying 0 resource
2022-01-29 00:28:29,889 [Worker-22: Building] WARN  o.e.m.c.i.embedder.EclipseLogger - Using platform encoding (Cp1252 actually) to copy filtered resources, i.e. build is platform dependent!
2022-01-29 00:28:29,893 [Worker-22: Building] INFO  o.e.m.c.i.embedder.EclipseLogger - Copying 0 resource
2022-01-29 00:28:44,085 [Worker-2: Building] WARN  o.e.m.c.i.embedder.EclipseLogger - Using platform encoding (Cp1252 actually) to copy filtered resources, i.e. build is platform dependent!
2022-01-29 00:28:44,088 [Worker-2: Building] INFO  o.e.m.c.i.embedder.EclipseLogger - Copying 0 resource
2022-01-29 00:28:44,089 [Worker-2: Building] WARN  o.e.m.c.i.embedder.EclipseLogger - Using platform encoding (Cp1252 actually) to copy filtered resources, i.e. build is platform dependent!
2022-01-29 00:28:44,092 [Worker-2: Building] INFO  o.e.m.c.i.embedder.EclipseLogger - Copying 1 resource
2022-01-29 00:38:21,587 [Worker-12: Launching bdd.feature] WARN  o.e.m.c.i.embedder.EclipseLogger - Using platform encoding (Cp1252 actually) to copy filtered resources, i.e. build is platform dependent!
2022-01-29 00:38:21,591 [Worker-12: Launching bdd.feature] INFO  o.e.m.c.i.embedder.EclipseLogger - Copying 0 resource
2022-01-29 00:38:21,594 [Worker-12: Launching bdd.feature] WARN  o.e.m.c.i.embedder.EclipseLogger - Using platform encoding (Cp1252 actually) to copy filtered resources, i.e. build is platform dependent!
2022-01-29 00:38:21,596 [Worker-12: Launching bdd.feature] INFO  o.e.m.c.i.embedder.EclipseLogger - Copying 1 resource
2022-01-29 00:39:07,970 [Worker-33: Building] WARN  o.e.m.c.i.embedder.EclipseLogger - Using platform encoding (Cp1252 actually) to copy filtered resources, i.e. build is platform dependent!
2022-01-29 00:39:07,974 [Worker-33: Building] INFO  o.e.m.c.i.embedder.EclipseLogger - Copying 0 resource
2022-01-29 00:39:07,977 [Worker-33: Building] WARN  o.e.m.c.i.embedder.EclipseLogger - Using platform encoding (Cp1252 actually) to copy filtered resources, i.e. build is platform dependent!
2022-01-29 00:39:07,984 [Worker-33: Building] INFO  o.e.m.c.i.embedder.EclipseLogger - Copying 1 resource
2022-01-29 00:39:09,134 [Worker-31: Building] WARN  o.e.m.c.i.embedder.EclipseLogger - Using platform encoding (Cp1252 actually) to copy filtered resources, i.e. build is platform dependent!
2022-01-29 00:39:09,137 [Worker-31: Building] INFO  o.e.m.c.i.embedder.EclipseLogger - Copying 0 resource
2022-01-29 00:39:09,139 [Worker-31: Building] WARN  o.e.m.c.i.embedder.EclipseLogger - Using platform encoding (Cp1252 actually) to copy filtered resources, i.e. build is platform dependent!
2022-01-29 00:39:09,141 [Worker-31: Building] INFO  o.e.m.c.i.embedder.EclipseLogger - Copying 0 resource
2022-01-29 00:39:19,923 [Worker-29: Building] WARN  o.e.m.c.i.embedder.EclipseLogger - Using platform encoding (Cp1252 actually) to copy filtered resources, i.e. build is platform dependent!
2022-01-29 00:39:19,927 [Worker-29: Building] INFO  o.e.m.c.i.embedder.EclipseLogger - Copying 0 resource
2022-01-29 00:39:19,934 [Worker-29: Building] WARN  o.e.m.c.i.embedder.EclipseLogger - Using platform encoding (Cp1252 actually) to copy filtered resources, i.e. build is platform dependent!
2022-01-29 00:39:19,942 [Worker-29: Building] INFO  o.e.m.c.i.embedder.EclipseLogger - Copying 1 resource
2022-01-29 00:39:33,003 [Worker-31: Building] WARN  o.e.m.c.i.embedder.EclipseLogger - Using platform encoding (Cp1252 actually) to copy filtered resources, i.e. build is platform dependent!
2022-01-29 00:39:33,005 [Worker-31: Building] INFO  o.e.m.c.i.embedder.EclipseLogger - Copying 0 resource
2022-01-29 00:39:33,006 [Worker-31: Building] WARN  o.e.m.c.i.embedder.EclipseLogger - Using platform encoding (Cp1252 actually) to copy filtered resources, i.e. build is platform dependent!
2022-01-29 00:39:33,009 [Worker-31: Building] INFO  o.e.m.c.i.embedder.EclipseLogger - Copying 1 resource
2022-01-29 00:39:40,191 [Worker-12: Building] WARN  o.e.m.c.i.embedder.EclipseLogger - Using platform encoding (Cp1252 actually) to copy filtered resources, i.e. build is platform dependent!
2022-01-29 00:39:40,194 [Worker-12: Building] INFO  o.e.m.c.i.embedder.EclipseLogger - Copying 0 resource
2022-01-29 00:39:40,196 [Worker-12: Building] WARN  o.e.m.c.i.embedder.EclipseLogger - Using platform encoding (Cp1252 actually) to copy filtered resources, i.e. build is platform dependent!
2022-01-29 00:39:40,199 [Worker-12: Building] INFO  o.e.m.c.i.embedder.EclipseLogger - Copying 1 resource
2022-01-29 00:41:18,855 [Worker-32: Building] WARN  o.e.m.c.i.embedder.EclipseLogger - Using platform encoding (Cp1252 actually) to copy filtered resources, i.e. build is platform dependent!
2022-01-29 00:41:18,858 [Worker-32: Building] INFO  o.e.m.c.i.embedder.EclipseLogger - Copying 0 resource
2022-01-29 00:41:18,862 [Worker-32: Building] WARN  o.e.m.c.i.embedder.EclipseLogger - Using platform encoding (Cp1252 actually) to copy filtered resources, i.e. build is platform dependent!
2022-01-29 00:41:18,866 [Worker-32: Building] INFO  o.e.m.c.i.embedder.EclipseLogger - Copying 1 resource
2022-01-29 00:51:37,477 [Worker-12: Building] WARN  o.e.m.c.i.embedder.EclipseLogger - Using platform encoding (Cp1252 actually) to copy filtered resources, i.e. build is platform dependent!
2022-01-29 00:51:37,500 [Worker-12: Building] INFO  o.e.m.c.i.embedder.EclipseLogger - Copying 0 resource
2022-01-29 00:51:37,502 [Worker-12: Building] WARN  o.e.m.c.i.embedder.EclipseLogger - Using platform encoding (Cp1252 actually) to copy filtered resources, i.e. build is platform dependent!
2022-01-29 00:51:37,506 [Worker-12: Building] INFO  o.e.m.c.i.embedder.EclipseLogger - Copying 1 resource
2022-01-29 00:53:40,373 [Worker-36: Building] WARN  o.e.m.c.i.embedder.EclipseLogger - Using platform encoding (Cp1252 actually) to copy filtered resources, i.e. build is platform dependent!
2022-01-29 00:53:40,379 [Worker-36: Building] INFO  o.e.m.c.i.embedder.EclipseLogger - Copying 0 resource
2022-01-29 00:53:40,386 [Worker-36: Building] WARN  o.e.m.c.i.embedder.EclipseLogger - Using platform encoding (Cp1252 actually) to copy filtered resources, i.e. build is platform dependent!
2022-01-29 00:53:40,389 [Worker-36: Building] INFO  o.e.m.c.i.embedder.EclipseLogger - Copying 0 resource
2022-01-29 00:55:15,330 [Worker-33: Building] WARN  o.e.m.c.i.embedder.EclipseLogger - Using platform encoding (Cp1252 actually) to copy filtered resources, i.e. build is platform dependent!
2022-01-29 00:55:15,379 [Worker-33: Building] INFO  o.e.m.c.i.embedder.EclipseLogger - Copying 0 resource
2022-01-29 00:55:15,381 [Worker-33: Building] WARN  o.e.m.c.i.embedder.EclipseLogger - Using platform encoding (Cp1252 actually) to copy filtered resources, i.e. build is platform dependent!
2022-01-29 00:55:15,383 [Worker-33: Building] INFO  o.e.m.c.i.embedder.EclipseLogger - Copying 0 resource
2022-01-29 00:55:25,438 [Worker-32: Building] WARN  o.e.m.c.i.embedder.EclipseLogger - Using platform encoding (Cp1252 actually) to copy filtered resources, i.e. build is platform dependent!
2022-01-29 00:55:25,441 [Worker-32: Building] INFO  o.e.m.c.i.embedder.EclipseLogger - Copying 0 resource
2022-01-29 00:55:25,442 [Worker-32: Building] WARN  o.e.m.c.i.embedder.EclipseLogger - Using platform encoding (Cp1252 actually) to copy filtered resources, i.e. build is platform dependent!
2022-01-29 00:55:25,445 [Worker-32: Building] INFO  o.e.m.c.i.embedder.EclipseLogger - Copying 0 resource
2022-01-29 00:55:38,296 [Worker-38: Building] WARN  o.e.m.c.i.embedder.EclipseLogger - Using platform encoding (Cp1252 actually) to copy filtered resources, i.e. build is platform dependent!
2022-01-29 00:55:38,302 [Worker-38: Building] INFO  o.e.m.c.i.embedder.EclipseLogger - Copying 0 resource
2022-01-29 00:55:38,308 [Worker-38: Building] WARN  o.e.m.c.i.embedder.EclipseLogger - Using platform encoding (Cp1252 actually) to copy filtered resources, i.e. build is platform dependent!
2022-01-29 00:55:38,311 [Worker-38: Building] INFO  o.e.m.c.i.embedder.EclipseLogger - Copying 0 resource
2022-01-29 10:20:24,153 [Worker-10: Loading available Gradle versions] INFO  o.e.b.c.i.u.g.PublishedGradleVersions - Gradle version information cache is up-to-date. Trying to read.
2022-01-30 10:12:38,473 [Worker-12: Loading available Gradle versions] INFO  o.e.b.c.i.u.g.PublishedGradleVersions - Gradle version information cache is out-of-date. Trying to update.
2022-01-30 16:07:20,288 [Worker-1: Loading available Gradle versions] INFO  o.e.b.c.i.u.g.PublishedGradleVersions - Gradle version information cache is up-to-date. Trying to read.
2022-01-30 17:12:38,806 [Worker-33: Launching bdd.feature] WARN  o.e.m.c.i.embedder.EclipseLogger - Using platform encoding (Cp1252 actually) to copy filtered resources, i.e. build is platform dependent!
2022-01-30 17:12:38,863 [Worker-33: Launching bdd.feature] INFO  o.e.m.c.i.embedder.EclipseLogger - Copying 0 resource
2022-01-30 17:12:38,870 [Worker-33: Launching bdd.feature] WARN  o.e.m.c.i.embedder.EclipseLogger - Using platform encoding (Cp1252 actually) to copy filtered resources, i.e. build is platform dependent!
2022-01-30 17:12:38,874 [Worker-33: Launching bdd.feature] INFO  o.e.m.c.i.embedder.EclipseLogger - Copying 1 resource
2022-01-30 17:13:14,765 [Worker-32: Launching bdd.feature] WARN  o.e.m.c.i.embedder.EclipseLogger - Using platform encoding (Cp1252 actually) to copy filtered resources, i.e. build is platform dependent!
2022-01-30 17:13:14,768 [Worker-32: Launching bdd.feature] INFO  o.e.m.c.i.embedder.EclipseLogger - Copying 0 resource
2022-01-30 17:13:14,770 [Worker-32: Launching bdd.feature] WARN  o.e.m.c.i.embedder.EclipseLogger - Using platform encoding (Cp1252 actually) to copy filtered resources, i.e. build is platform dependent!
2022-01-30 17:13:14,784 [Worker-32: Launching bdd.feature] INFO  o.e.m.c.i.embedder.EclipseLogger - Copying 1 resource
2022-01-30 17:17:38,025 [Worker-37: Launching bdd.feature] WARN  o.e.m.c.i.embedder.EclipseLogger - Using platform encoding (Cp1252 actually) to copy filtered resources, i.e. build is platform dependent!
2022-01-30 17:17:38,086 [Worker-37: Launching bdd.feature] INFO  o.e.m.c.i.embedder.EclipseLogger - Copying 0 resource
2022-01-30 17:17:38,090 [Worker-37: Launching bdd.feature] WARN  o.e.m.c.i.embedder.EclipseLogger - Using platform encoding (Cp1252 actually) to copy filtered resources, i.e. build is platform dependent!
2022-01-30 17:17:38,093 [Worker-37: Launching bdd.feature] INFO  o.e.m.c.i.embedder.EclipseLogger - Copying 1 resource
2022-01-30 17:21:12,416 [Worker-42: Building] WARN  o.e.m.c.i.embedder.EclipseLogger - Using platform encoding (Cp1252 actually) to copy filtered resources, i.e. build is platform dependent!
2022-01-30 17:21:12,417 [Worker-42: Building] INFO  o.e.m.c.i.embedder.EclipseLogger - Copying 0 resource
2022-01-30 17:21:12,418 [Worker-42: Building] WARN  o.e.m.c.i.embedder.EclipseLogger - Using platform encoding (Cp1252 actually) to copy filtered resources, i.e. build is platform dependent!
2022-01-30 17:21:12,420 [Worker-42: Building] INFO  o.e.m.c.i.embedder.EclipseLogger - Copying 1 resource
2022-01-30 17:34:17,126 [Worker-46: Launching Runner] WARN  o.e.m.c.i.embedder.EclipseLogger - Using platform encoding (Cp1252 actually) to copy filtered resources, i.e. build is platform dependent!
2022-01-30 17:34:17,128 [Worker-46: Launching Runner] INFO  o.e.m.c.i.embedder.EclipseLogger - Copying 0 resource
2022-01-30 17:34:17,129 [Worker-46: Launching Runner] WARN  o.e.m.c.i.embedder.EclipseLogger - Using platform encoding (Cp1252 actually) to copy filtered resources, i.e. build is platform dependent!
2022-01-30 17:34:17,130 [Worker-46: Launching Runner] INFO  o.e.m.c.i.embedder.EclipseLogger - Copying 1 resource
2022-01-30 17:37:29,051 [Worker-46: Launching Runner] WARN  o.e.m.c.i.embedder.EclipseLogger - Using platform encoding (Cp1252 actually) to copy filtered resources, i.e. build is platform dependent!
2022-01-30 17:37:29,053 [Worker-46: Launching Runner] INFO  o.e.m.c.i.embedder.EclipseLogger - Copying 0 resource
2022-01-30 17:37:29,054 [Worker-46: Launching Runner] WARN  o.e.m.c.i.embedder.EclipseLogger - Using platform encoding (Cp1252 actually) to copy filtered resources, i.e. build is platform dependent!
2022-01-30 17:37:29,055 [Worker-46: Launching Runner] INFO  o.e.m.c.i.embedder.EclipseLogger - Copying 1 resource
2022-01-30 17:45:14,872 [Worker-52: Building] WARN  o.e.m.c.i.embedder.EclipseLogger - Using platform encoding (Cp1252 actually) to copy filtered resources, i.e. build is platform dependent!
2022-01-30 17:45:14,906 [Worker-52: Building] INFO  o.e.m.c.i.embedder.EclipseLogger - Copying 0 resource
2022-01-30 17:45:14,910 [Worker-52: Building] WARN  o.e.m.c.i.embedder.EclipseLogger - Using platform encoding (Cp1252 actually) to copy filtered resources, i.e. build is platform dependent!
2022-01-30 17:45:14,915 [Worker-52: Building] INFO  o.e.m.c.i.embedder.EclipseLogger - Copying 1 resource
2022-01-30 17:46:03,314 [Worker-52: Building] WARN  o.e.m.c.i.embedder.EclipseLogger - Using platform encoding (Cp1252 actually) to copy filtered resources, i.e. build is platform dependent!
2022-01-30 17:46:03,316 [Worker-52: Building] INFO  o.e.m.c.i.embedder.EclipseLogger - Copying 0 resource
2022-01-30 17:46:03,320 [Worker-52: Building] WARN  o.e.m.c.i.embedder.EclipseLogger - Using platform encoding (Cp1252 actually) to copy filtered resources, i.e. build is platform dependent!
2022-01-30 17:46:03,323 [Worker-52: Building] INFO  o.e.m.c.i.embedder.EclipseLogger - Copying 1 resource
2022-02-01 10:33:57,350 [Worker-78: Building] WARN  o.e.m.c.i.embedder.EclipseLogger - Using platform encoding (Cp1252 actually) to copy filtered resources, i.e. build is platform dependent!
2022-02-01 10:33:57,377 [Worker-78: Building] INFO  o.e.m.c.i.embedder.EclipseLogger - Copying 0 resource
2022-02-01 10:33:57,381 [Worker-78: Building] WARN  o.e.m.c.i.embedder.EclipseLogger - Using platform encoding (Cp1252 actually) to copy filtered resources, i.e. build is platform dependent!
2022-02-01 10:33:57,399 [Worker-78: Building] INFO  o.e.m.c.i.embedder.EclipseLogger - Copying 1 resource
2022-02-01 14:23:37,652 [Worker-141: Building] WARN  o.e.m.c.i.embedder.EclipseLogger - Using platform encoding (Cp1252 actually) to copy filtered resources, i.e. build is platform dependent!
2022-02-01 14:23:37,877 [Worker-141: Building] INFO  o.e.m.c.i.embedder.EclipseLogger - Copying 0 resource
2022-02-01 14:23:37,885 [Worker-141: Building] WARN  o.e.m.c.i.embedder.EclipseLogger - Using platform encoding (Cp1252 actually) to copy filtered resources, i.e. build is platform dependent!
2022-02-01 14:23:37,923 [Worker-141: Building] INFO  o.e.m.c.i.embedder.EclipseLogger - Copying 1 resource
2022-02-01 21:07:09,238 [Worker-15: Building] WARN  o.e.m.c.i.embedder.EclipseLogger - Using platform encoding (Cp1252 actually) to copy filtered resources, i.e. build is platform dependent!
2022-02-01 21:07:09,262 [Worker-15: Building] INFO  o.e.m.c.i.embedder.EclipseLogger - Copying 0 resource
2022-02-01 21:07:09,267 [Worker-15: Building] WARN  o.e.m.c.i.embedder.EclipseLogger - Using platform encoding (Cp1252 actually) to copy filtered resources, i.e. build is platform dependent!
2022-02-01 21:07:09,269 [Worker-15: Building] INFO  o.e.m.c.i.embedder.EclipseLogger - Copying 1 resource
2022-02-01 21:08:40,881 [Worker-14: Building] WARN  o.e.m.c.i.embedder.EclipseLogger - Using platform encoding (Cp1252 actually) to copy filtered resources, i.e. build is platform dependent!
2022-02-01 21:08:40,890 [Worker-14: Building] INFO  o.e.m.c.i.embedder.EclipseLogger - Copying 0 resource
2022-02-01 21:08:40,893 [Worker-14: Building] WARN  o.e.m.c.i.embedder.EclipseLogger - Using platform encoding (Cp1252 actually) to copy filtered resources, i.e. build is platform dependent!
2022-02-01 21:08:40,900 [Worker-14: Building] INFO  o.e.m.c.i.embedder.EclipseLogger - Copying 1 resource
2022-02-01 21:09:45,340 [Worker-25: Launching Runner] WARN  o.e.m.c.i.embedder.EclipseLogger - Using platform encoding (Cp1252 actually) to copy filtered resources, i.e. build is platform dependent!
2022-02-01 21:09:45,344 [Worker-25: Launching Runner] INFO  o.e.m.c.i.embedder.EclipseLogger - Copying 0 resource
2022-02-01 21:09:45,348 [Worker-25: Launching Runner] WARN  o.e.m.c.i.embedder.EclipseLogger - Using platform encoding (Cp1252 actually) to copy filtered resources, i.e. build is platform dependent!
2022-02-01 21:09:45,355 [Worker-25: Launching Runner] INFO  o.e.m.c.i.embedder.EclipseLogger - Copying 1 resource
2022-02-01 21:09:51,755 [Worker-8: Loading available Gradle versions] INFO  o.e.b.c.i.u.g.PublishedGradleVersions - Gradle version information cache is out-of-date. Trying to update.
2022-02-01 21:10:44,214 [Worker-21: Launching Runner] WARN  o.e.m.c.i.embedder.EclipseLogger - Using platform encoding (Cp1252 actually) to copy filtered resources, i.e. build is platform dependent!
2022-02-01 21:10:44,218 [Worker-21: Launching Runner] INFO  o.e.m.c.i.embedder.EclipseLogger - Copying 0 resource
2022-02-01 21:10:44,222 [Worker-21: Launching Runner] WARN  o.e.m.c.i.embedder.EclipseLogger - Using platform encoding (Cp1252 actually) to copy filtered resources, i.e. build is platform dependent!
2022-02-01 21:10:44,230 [Worker-21: Launching Runner] INFO  o.e.m.c.i.embedder.EclipseLogger - Copying 1 resource
2022-02-01 23:58:50,701 [Worker-52: Launching Runner] WARN  o.e.m.c.i.embedder.EclipseLogger - Using platform encoding (Cp1252 actually) to copy filtered resources, i.e. build is platform dependent!
2022-02-01 23:58:50,846 [Worker-52: Launching Runner] INFO  o.e.m.c.i.embedder.EclipseLogger - Copying 0 resource
2022-02-01 23:58:50,849 [Worker-52: Launching Runner] WARN  o.e.m.c.i.embedder.EclipseLogger - Using platform encoding (Cp1252 actually) to copy filtered resources, i.e. build is platform dependent!
2022-02-01 23:58:50,880 [Worker-52: Launching Runner] INFO  o.e.m.c.i.embedder.EclipseLogger - Copying 1 resource
2022-02-02 00:01:57,179 [Worker-53: Building] WARN  o.e.m.c.i.embedder.EclipseLogger - Using platform encoding (Cp1252 actually) to copy filtered resources, i.e. build is platform dependent!
2022-02-02 00:01:57,283 [Worker-53: Building] INFO  o.e.m.c.i.embedder.EclipseLogger - Copying 0 resource
2022-02-02 00:01:57,287 [Worker-53: Building] WARN  o.e.m.c.i.embedder.EclipseLogger - Using platform encoding (Cp1252 actually) to copy filtered resources, i.e. build is platform dependent!
2022-02-02 00:01:57,291 [Worker-53: Building] INFO  o.e.m.c.i.embedder.EclipseLogger - Copying 0 resource
2022-02-02 00:03:13,721 [Worker-57: Launching Runner] WARN  o.e.m.c.i.embedder.EclipseLogger - Using platform encoding (Cp1252 actually) to copy filtered resources, i.e. build is platform dependent!
2022-02-02 00:03:13,723 [Worker-57: Launching Runner] INFO  o.e.m.c.i.embedder.EclipseLogger - Copying 0 resource
2022-02-02 00:03:13,724 [Worker-57: Launching Runner] WARN  o.e.m.c.i.embedder.EclipseLogger - Using platform encoding (Cp1252 actually) to copy filtered resources, i.e. build is platform dependent!
2022-02-02 00:03:13,727 [Worker-57: Launching Runner] INFO  o.e.m.c.i.embedder.EclipseLogger - Copying 1 resource
2022-02-02 00:05:11,777 [Worker-55: Building] WARN  o.e.m.c.i.embedder.EclipseLogger - Using platform encoding (Cp1252 actually) to copy filtered resources, i.e. build is platform dependent!
2022-02-02 00:05:11,839 [Worker-55: Building] INFO  o.e.m.c.i.embedder.EclipseLogger - Copying 0 resource
2022-02-02 00:05:11,844 [Worker-55: Building] WARN  o.e.m.c.i.embedder.EclipseLogger - Using platform encoding (Cp1252 actually) to copy filtered resources, i.e. build is platform dependent!
2022-02-02 00:05:11,846 [Worker-55: Building] INFO  o.e.m.c.i.embedder.EclipseLogger - Copying 0 resource
2022-02-02 00:06:35,691 [Worker-54: Building] WARN  o.e.m.c.i.embedder.EclipseLogger - Using platform encoding (Cp1252 actually) to copy filtered resources, i.e. build is platform dependent!
2022-02-02 00:06:35,692 [Worker-54: Building] INFO  o.e.m.c.i.embedder.EclipseLogger - Copying 0 resource
2022-02-02 00:06:35,693 [Worker-54: Building] WARN  o.e.m.c.i.embedder.EclipseLogger - Using platform encoding (Cp1252 actually) to copy filtered resources, i.e. build is platform dependent!
2022-02-02 00:06:35,694 [Worker-54: Building] INFO  o.e.m.c.i.embedder.EclipseLogger - Copying 0 resource
2022-02-02 00:08:23,401 [Worker-56: Launching Runner] WARN  o.e.m.c.i.embedder.EclipseLogger - Using platform encoding (Cp1252 actually) to copy filtered resources, i.e. build is platform dependent!
2022-02-02 00:08:23,403 [Worker-56: Launching Runner] INFO  o.e.m.c.i.embedder.EclipseLogger - Copying 0 resource
2022-02-02 00:08:23,404 [Worker-56: Launching Runner] WARN  o.e.m.c.i.embedder.EclipseLogger - Using platform encoding (Cp1252 actually) to copy filtered resources, i.e. build is platform dependent!
2022-02-02 00:08:23,407 [Worker-56: Launching Runner] INFO  o.e.m.c.i.embedder.EclipseLogger - Copying 1 resource
2022-02-02 00:08:45,273 [Worker-58: Launching Runner] WARN  o.e.m.c.i.embedder.EclipseLogger - Using platform encoding (Cp1252 actually) to copy filtered resources, i.e. build is platform dependent!
2022-02-02 00:08:45,274 [Worker-58: Launching Runner] INFO  o.e.m.c.i.embedder.EclipseLogger - Copying 0 resource
2022-02-02 00:08:45,275 [Worker-58: Launching Runner] WARN  o.e.m.c.i.embedder.EclipseLogger - Using platform encoding (Cp1252 actually) to copy filtered resources, i.e. build is platform dependent!
2022-02-02 00:08:45,276 [Worker-58: Launching Runner] INFO  o.e.m.c.i.embedder.EclipseLogger - Copying 1 resource
2022-02-02 00:08:57,393 [Worker-52: Building] WARN  o.e.m.c.i.embedder.EclipseLogger - Using platform encoding (Cp1252 actually) to copy filtered resources, i.e. build is platform dependent!
2022-02-02 00:08:57,394 [Worker-52: Building] INFO  o.e.m.c.i.embedder.EclipseLogger - Copying 0 resource
2022-02-02 00:08:57,395 [Worker-52: Building] WARN  o.e.m.c.i.embedder.EclipseLogger - Using platform encoding (Cp1252 actually) to copy filtered resources, i.e. build is platform dependent!
2022-02-02 00:08:57,396 [Worker-52: Building] INFO  o.e.m.c.i.embedder.EclipseLogger - Copying 0 resource
2022-02-02 00:09:30,886 [Worker-60: Building] WARN  o.e.m.c.i.embedder.EclipseLogger - Using platform encoding (Cp1252 actually) to copy filtered resources, i.e. build is platform dependent!
2022-02-02 00:09:30,887 [Worker-60: Building] INFO  o.e.m.c.i.embedder.EclipseLogger - Copying 0 resource
2022-02-02 00:09:30,888 [Worker-60: Building] WARN  o.e.m.c.i.embedder.EclipseLogger - Using platform encoding (Cp1252 actually) to copy filtered resources, i.e. build is platform dependent!
2022-02-02 00:09:30,889 [Worker-60: Building] INFO  o.e.m.c.i.embedder.EclipseLogger - Copying 0 resource
2022-02-02 00:09:41,587 [Worker-56: Building] WARN  o.e.m.c.i.embedder.EclipseLogger - Using platform encoding (Cp1252 actually) to copy filtered resources, i.e. build is platform dependent!
2022-02-02 00:09:41,589 [Worker-56: Building] INFO  o.e.m.c.i.embedder.EclipseLogger - Copying 0 resource
2022-02-02 00:09:41,590 [Worker-56: Building] WARN  o.e.m.c.i.embedder.EclipseLogger - Using platform encoding (Cp1252 actually) to copy filtered resources, i.e. build is platform dependent!
2022-02-02 00:09:41,591 [Worker-56: Building] INFO  o.e.m.c.i.embedder.EclipseLogger - Copying 0 resource
2022-02-02 00:12:03,508 [Worker-56: Building] WARN  o.e.m.c.i.embedder.EclipseLogger - Using platform encoding (Cp1252 actually) to copy filtered resources, i.e. build is platform dependent!
2022-02-02 00:12:03,509 [Worker-56: Building] INFO  o.e.m.c.i.embedder.EclipseLogger - Copying 0 resource
2022-02-02 00:12:03,510 [Worker-56: Building] WARN  o.e.m.c.i.embedder.EclipseLogger - Using platform encoding (Cp1252 actually) to copy filtered resources, i.e. build is platform dependent!
2022-02-02 00:12:03,513 [Worker-56: Building] INFO  o.e.m.c.i.embedder.EclipseLogger - Copying 1 resource
2022-02-02 00:12:37,738 [Worker-60: Launching Runner] WARN  o.e.m.c.i.embedder.EclipseLogger - Using platform encoding (Cp1252 actually) to copy filtered resources, i.e. build is platform dependent!
2022-02-02 00:12:37,739 [Worker-60: Launching Runner] INFO  o.e.m.c.i.embedder.EclipseLogger - Copying 0 resource
2022-02-02 00:12:37,742 [Worker-60: Launching Runner] WARN  o.e.m.c.i.embedder.EclipseLogger - Using platform encoding (Cp1252 actually) to copy filtered resources, i.e. build is platform dependent!
2022-02-02 00:12:37,745 [Worker-60: Launching Runner] INFO  o.e.m.c.i.embedder.EclipseLogger - Copying 1 resource
2022-02-02 00:13:45,233 [Worker-60: Building] WARN  o.e.m.c.i.embedder.EclipseLogger - Using platform encoding (Cp1252 actually) to copy filtered resources, i.e. build is platform dependent!
2022-02-02 00:13:45,235 [Worker-60: Building] INFO  o.e.m.c.i.embedder.EclipseLogger - Copying 0 resource
2022-02-02 00:13:45,274 [Worker-60: Building] WARN  o.e.m.c.i.embedder.EclipseLogger - Using platform encoding (Cp1252 actually) to copy filtered resources, i.e. build is platform dependent!
2022-02-02 00:13:45,276 [Worker-60: Building] INFO  o.e.m.c.i.embedder.EclipseLogger - Copying 0 resource
2022-02-02 00:22:43,705 [Worker-63: Building] WARN  o.e.m.c.i.embedder.EclipseLogger - Using platform encoding (Cp1252 actually) to copy filtered resources, i.e. build is platform dependent!
2022-02-02 00:22:43,706 [Worker-63: Building] INFO  o.e.m.c.i.embedder.EclipseLogger - Copying 0 resource
2022-02-02 00:22:43,707 [Worker-63: Building] WARN  o.e.m.c.i.embedder.EclipseLogger - Using platform encoding (Cp1252 actually) to copy filtered resources, i.e. build is platform dependent!
2022-02-02 00:22:43,708 [Worker-63: Building] INFO  o.e.m.c.i.embedder.EclipseLogger - Copying 1 resource
2022-02-02 00:23:36,822 [Worker-63: Launching Runner] WARN  o.e.m.c.i.embedder.EclipseLogger - Using platform encoding (Cp1252 actually) to copy filtered resources, i.e. build is platform dependent!
2022-02-02 00:23:36,823 [Worker-63: Launching Runner] INFO  o.e.m.c.i.embedder.EclipseLogger - Copying 0 resource
2022-02-02 00:23:36,824 [Worker-63: Launching Runner] WARN  o.e.m.c.i.embedder.EclipseLogger - Using platform encoding (Cp1252 actually) to copy filtered resources, i.e. build is platform dependent!
2022-02-02 00:23:36,826 [Worker-63: Launching Runner] INFO  o.e.m.c.i.embedder.EclipseLogger - Copying 1 resource
2022-02-02 00:29:51,843 [Worker-66: Launching Runner] WARN  o.e.m.c.i.embedder.EclipseLogger - Using platform encoding (Cp1252 actually) to copy filtered resources, i.e. build is platform dependent!
2022-02-02 00:29:51,844 [Worker-66: Launching Runner] INFO  o.e.m.c.i.embedder.EclipseLogger - Copying 0 resource
2022-02-02 00:29:51,846 [Worker-66: Launching Runner] WARN  o.e.m.c.i.embedder.EclipseLogger - Using platform encoding (Cp1252 actually) to copy filtered resources, i.e. build is platform dependent!
2022-02-02 00:29:51,848 [Worker-66: Launching Runner] INFO  o.e.m.c.i.embedder.EclipseLogger - Copying 1 resource
2022-02-02 00:31:27,735 [Worker-68: Launching Runner] WARN  o.e.m.c.i.embedder.EclipseLogger - Using platform encoding (Cp1252 actually) to copy filtered resources, i.e. build is platform dependent!
2022-02-02 00:31:27,780 [Worker-68: Launching Runner] INFO  o.e.m.c.i.embedder.EclipseLogger - Copying 0 resource
2022-02-02 00:31:27,784 [Worker-68: Launching Runner] WARN  o.e.m.c.i.embedder.EclipseLogger - Using platform encoding (Cp1252 actually) to copy filtered resources, i.e. build is platform dependent!
2022-02-02 00:31:27,791 [Worker-68: Launching Runner] INFO  o.e.m.c.i.embedder.EclipseLogger - Copying 1 resource
2022-02-02 00:32:49,084 [Worker-65: Building] WARN  o.e.m.c.i.embedder.EclipseLogger - Using platform encoding (Cp1252 actually) to copy filtered resources, i.e. build is platform dependent!
2022-02-02 00:32:49,086 [Worker-65: Building] INFO  o.e.m.c.i.embedder.EclipseLogger - Copying 0 resource
2022-02-02 00:32:49,089 [Worker-65: Building] WARN  o.e.m.c.i.embedder.EclipseLogger - Using platform encoding (Cp1252 actually) to copy filtered resources, i.e. build is platform dependent!
2022-02-02 00:32:49,091 [Worker-65: Building] INFO  o.e.m.c.i.embedder.EclipseLogger - Copying 0 resource
2022-02-02 00:33:25,651 [Worker-66: Building] WARN  o.e.m.c.i.embedder.EclipseLogger - Using platform encoding (Cp1252 actually) to copy filtered resources, i.e. build is platform dependent!
2022-02-02 00:33:25,656 [Worker-66: Building] INFO  o.e.m.c.i.embedder.EclipseLogger - Copying 0 resource
2022-02-02 00:33:25,660 [Worker-66: Building] WARN  o.e.m.c.i.embedder.EclipseLogger - Using platform encoding (Cp1252 actually) to copy filtered resources, i.e. build is platform dependent!
2022-02-02 00:33:25,665 [Worker-66: Building] INFO  o.e.m.c.i.embedder.EclipseLogger - Copying 0 resource
2022-02-02 00:33:28,472 [Worker-62: Building] WARN  o.e.m.c.i.embedder.EclipseLogger - Using platform encoding (Cp1252 actually) to copy filtered resources, i.e. build is platform dependent!
2022-02-02 00:33:28,474 [Worker-62: Building] INFO  o.e.m.c.i.embedder.EclipseLogger - Copying 0 resource
2022-02-02 00:33:28,475 [Worker-62: Building] WARN  o.e.m.c.i.embedder.EclipseLogger - Using platform encoding (Cp1252 actually) to copy filtered resources, i.e. build is platform dependent!
2022-02-02 00:33:28,477 [Worker-62: Building] INFO  o.e.m.c.i.embedder.EclipseLogger - Copying 0 resource
2022-02-02 00:33:41,727 [Worker-68: Building] WARN  o.e.m.c.i.embedder.EclipseLogger - Using platform encoding (Cp1252 actually) to copy filtered resources, i.e. build is platform dependent!
2022-02-02 00:33:41,729 [Worker-68: Building] INFO  o.e.m.c.i.embedder.EclipseLogger - Copying 0 resource
2022-02-02 00:33:41,731 [Worker-68: Building] WARN  o.e.m.c.i.embedder.EclipseLogger - Using platform encoding (Cp1252 actually) to copy filtered resources, i.e. build is platform dependent!
2022-02-02 00:33:41,733 [Worker-68: Building] INFO  o.e.m.c.i.embedder.EclipseLogger - Copying 0 resource
2022-02-02 00:34:20,329 [Worker-66: Building] WARN  o.e.m.c.i.embedder.EclipseLogger - Using platform encoding (Cp1252 actually) to copy filtered resources, i.e. build is platform dependent!
2022-02-02 00:34:20,331 [Worker-66: Building] INFO  o.e.m.c.i.embedder.EclipseLogger - Copying 0 resource
2022-02-02 00:34:20,332 [Worker-66: Building] WARN  o.e.m.c.i.embedder.EclipseLogger - Using platform encoding (Cp1252 actually) to copy filtered resources, i.e. build is platform dependent!
2022-02-02 00:34:20,335 [Worker-66: Building] INFO  o.e.m.c.i.embedder.EclipseLogger - Copying 0 resource
2022-02-02 00:34:28,914 [Worker-68: Building] WARN  o.e.m.c.i.embedder.EclipseLogger - Using platform encoding (Cp1252 actually) to copy filtered resources, i.e. build is platform dependent!
2022-02-02 00:34:28,916 [Worker-68: Building] INFO  o.e.m.c.i.embedder.EclipseLogger - Copying 0 resource
2022-02-02 00:34:28,918 [Worker-68: Building] WARN  o.e.m.c.i.embedder.EclipseLogger - Using platform encoding (Cp1252 actually) to copy filtered resources, i.e. build is platform dependent!
2022-02-02 00:34:28,920 [Worker-68: Building] INFO  o.e.m.c.i.embedder.EclipseLogger - Copying 0 resource
2022-02-02 00:48:08,635 [Worker-72: Launching Runner] WARN  o.e.m.c.i.embedder.EclipseLogger - Using platform encoding (Cp1252 actually) to copy filtered resources, i.e. build is platform dependent!
2022-02-02 00:48:08,637 [Worker-72: Launching Runner] INFO  o.e.m.c.i.embedder.EclipseLogger - Copying 0 resource
2022-02-02 00:48:08,639 [Worker-72: Launching Runner] WARN  o.e.m.c.i.embedder.EclipseLogger - Using platform encoding (Cp1252 actually) to copy filtered resources, i.e. build is platform dependent!
2022-02-02 00:48:08,642 [Worker-72: Launching Runner] INFO  o.e.m.c.i.embedder.EclipseLogger - Copying 1 resource
2022-02-02 00:50:19,377 [Worker-74: Building] WARN  o.e.m.c.i.embedder.EclipseLogger - Using platform encoding (Cp1252 actually) to copy filtered resources, i.e. build is platform dependent!
2022-02-02 00:50:19,395 [Worker-74: Building] INFO  o.e.m.c.i.embedder.EclipseLogger - Copying 0 resource
2022-02-02 00:50:19,397 [Worker-74: Building] WARN  o.e.m.c.i.embedder.EclipseLogger - Using platform encoding (Cp1252 actually) to copy filtered resources, i.e. build is platform dependent!
2022-02-02 00:50:19,399 [Worker-74: Building] INFO  o.e.m.c.i.embedder.EclipseLogger - Copying 0 resource
2022-02-02 00:56:40,231 [Worker-70: Launching bdd.feature] WARN  o.e.m.c.i.embedder.EclipseLogger - Using platform encoding (Cp1252 actually) to copy filtered resources, i.e. build is platform dependent!
2022-02-02 00:56:40,263 [Worker-70: Launching bdd.feature] INFO  o.e.m.c.i.embedder.EclipseLogger - Copying 0 resource
2022-02-02 00:56:40,265 [Worker-70: Launching bdd.feature] WARN  o.e.m.c.i.embedder.EclipseLogger - Using platform encoding (Cp1252 actually) to copy filtered resources, i.e. build is platform dependent!
2022-02-02 00:56:40,269 [Worker-70: Launching bdd.feature] INFO  o.e.m.c.i.embedder.EclipseLogger - Copying 1 resource
2022-02-02 00:56:56,936 [Worker-69: Launching bdd.feature] WARN  o.e.m.c.i.embedder.EclipseLogger - Using platform encoding (Cp1252 actually) to copy filtered resources, i.e. build is platform dependent!
2022-02-02 00:56:56,938 [Worker-69: Launching bdd.feature] INFO  o.e.m.c.i.embedder.EclipseLogger - Copying 0 resource
2022-02-02 00:56:56,940 [Worker-69: Launching bdd.feature] WARN  o.e.m.c.i.embedder.EclipseLogger - Using platform encoding (Cp1252 actually) to copy filtered resources, i.e. build is platform dependent!
2022-02-02 00:56:56,944 [Worker-69: Launching bdd.feature] INFO  o.e.m.c.i.embedder.EclipseLogger - Copying 1 resource
2022-02-02 00:58:33,454 [Worker-70: Building] WARN  o.e.m.c.i.embedder.EclipseLogger - Using platform encoding (Cp1252 actually) to copy filtered resources, i.e. build is platform dependent!
2022-02-02 00:58:33,458 [Worker-70: Building] INFO  o.e.m.c.i.embedder.EclipseLogger - Copying 0 resource
2022-02-02 00:58:33,461 [Worker-70: Building] WARN  o.e.m.c.i.embedder.EclipseLogger - Using platform encoding (Cp1252 actually) to copy filtered resources, i.e. build is platform dependent!
2022-02-02 00:58:33,465 [Worker-70: Building] INFO  o.e.m.c.i.embedder.EclipseLogger - Copying 0 resource
2022-02-02 01:02:13,423 [Worker-75: Building] WARN  o.e.m.c.i.embedder.EclipseLogger - Using platform encoding (Cp1252 actually) to copy filtered resources, i.e. build is platform dependent!
2022-02-02 01:02:13,588 [Worker-75: Building] INFO  o.e.m.c.i.embedder.EclipseLogger - Copying 0 resource
2022-02-02 01:02:13,591 [Worker-75: Building] WARN  o.e.m.c.i.embedder.EclipseLogger - Using platform encoding (Cp1252 actually) to copy filtered resources, i.e. build is platform dependent!
2022-02-02 01:02:13,596 [Worker-75: Building] INFO  o.e.m.c.i.embedder.EclipseLogger - Copying 0 resource
2022-02-02 01:06:14,528 [Worker-5: Loading available Gradle versions] INFO  o.e.b.c.i.u.g.PublishedGradleVersions - Gradle version information cache is up-to-date. Trying to read.
2022-02-02 01:08:59,624 [Worker-10: Launching Runner] WARN  o.e.m.c.i.embedder.EclipseLogger - Using platform encoding (Cp1252 actually) to copy filtered resources, i.e. build is platform dependent!
2022-02-02 01:08:59,633 [Worker-10: Launching Runner] INFO  o.e.m.c.i.embedder.EclipseLogger - Copying 0 resource
2022-02-02 01:08:59,637 [Worker-10: Launching Runner] WARN  o.e.m.c.i.embedder.EclipseLogger - Using platform encoding (Cp1252 actually) to copy filtered resources, i.e. build is platform dependent!
2022-02-02 01:08:59,640 [Worker-10: Launching Runner] INFO  o.e.m.c.i.embedder.EclipseLogger - Copying 1 resource
2022-02-02 01:10:30,698 [Worker-4: Launching Runner] WARN  o.e.m.c.i.embedder.EclipseLogger - Using platform encoding (Cp1252 actually) to copy filtered resources, i.e. build is platform dependent!
2022-02-02 01:10:30,704 [Worker-4: Launching Runner] INFO  o.e.m.c.i.embedder.EclipseLogger - Copying 0 resource
2022-02-02 01:10:30,707 [Worker-4: Launching Runner] WARN  o.e.m.c.i.embedder.EclipseLogger - Using platform encoding (Cp1252 actually) to copy filtered resources, i.e. build is platform dependent!
2022-02-02 01:10:30,712 [Worker-4: Launching Runner] INFO  o.e.m.c.i.embedder.EclipseLogger - Copying 1 resource
2022-02-02 01:11:14,876 [Worker-2: Launching Runner] WARN  o.e.m.c.i.embedder.EclipseLogger - Using platform encoding (Cp1252 actually) to copy filtered resources, i.e. build is platform dependent!
2022-02-02 01:11:14,879 [Worker-2: Launching Runner] INFO  o.e.m.c.i.embedder.EclipseLogger - Copying 0 resource
2022-02-02 01:11:14,881 [Worker-2: Launching Runner] WARN  o.e.m.c.i.embedder.EclipseLogger - Using platform encoding (Cp1252 actually) to copy filtered resources, i.e. build is platform dependent!
2022-02-02 01:11:14,884 [Worker-2: Launching Runner] INFO  o.e.m.c.i.embedder.EclipseLogger - Copying 1 resource
2022-02-02 01:12:09,084 [Worker-3: Launching Runner] WARN  o.e.m.c.i.embedder.EclipseLogger - Using platform encoding (Cp1252 actually) to copy filtered resources, i.e. build is platform dependent!
2022-02-02 01:12:09,087 [Worker-3: Launching Runner] INFO  o.e.m.c.i.embedder.EclipseLogger - Copying 0 resource
2022-02-02 01:12:09,091 [Worker-3: Launching Runner] WARN  o.e.m.c.i.embedder.EclipseLogger - Using platform encoding (Cp1252 actually) to copy filtered resources, i.e. build is platform dependent!
2022-02-02 01:12:09,095 [Worker-3: Launching Runner] INFO  o.e.m.c.i.embedder.EclipseLogger - Copying 1 resource
2022-02-02 01:14:24,203 [Worker-20: Building] WARN  o.e.m.c.i.embedder.EclipseLogger - Using platform encoding (Cp1252 actually) to copy filtered resources, i.e. build is platform dependent!
2022-02-02 01:14:24,206 [Worker-20: Building] INFO  o.e.m.c.i.embedder.EclipseLogger - Copying 0 resource
2022-02-02 01:14:24,210 [Worker-20: Building] WARN  o.e.m.c.i.embedder.EclipseLogger - Using platform encoding (Cp1252 actually) to copy filtered resources, i.e. build is platform dependent!
2022-02-02 01:14:24,214 [Worker-20: Building] INFO  o.e.m.c.i.embedder.EclipseLogger - Copying 0 resource
2022-02-02 15:33:34,584 [Worker-5: Loading available Gradle versions] INFO  o.e.b.c.i.u.g.PublishedGradleVersions - Gradle version information cache is up-to-date. Trying to read.
2022-02-02 15:43:54,705 [Worker-13: Launching Runner] WARN  o.e.m.c.i.embedder.EclipseLogger - Using platform encoding (Cp1252 actually) to copy filtered resources, i.e. build is platform dependent!
2022-02-02 15:43:54,772 [Worker-13: Launching Runner] INFO  o.e.m.c.i.embedder.EclipseLogger - Copying 0 resource
2022-02-02 15:43:54,774 [Worker-13: Launching Runner] WARN  o.e.m.c.i.embedder.EclipseLogger - Using platform encoding (Cp1252 actually) to copy filtered resources, i.e. build is platform dependent!
2022-02-02 15:43:54,776 [Worker-13: Launching Runner] INFO  o.e.m.c.i.embedder.EclipseLogger - Copying 1 resource
2022-02-02 15:45:05,081 [Worker-28: Launching Runner] WARN  o.e.m.c.i.embedder.EclipseLogger - Using platform encoding (Cp1252 actually) to copy filtered resources, i.e. build is platform dependent!
2022-02-02 15:45:05,085 [Worker-28: Launching Runner] INFO  o.e.m.c.i.embedder.EclipseLogger - Copying 0 resource
2022-02-02 15:45:05,086 [Worker-28: Launching Runner] WARN  o.e.m.c.i.embedder.EclipseLogger - Using platform encoding (Cp1252 actually) to copy filtered resources, i.e. build is platform dependent!
2022-02-02 15:45:05,102 [Worker-28: Launching Runner] INFO  o.e.m.c.i.embedder.EclipseLogger - Copying 1 resource
2022-02-02 15:51:44,997 [Worker-30: Launching Runner] WARN  o.e.m.c.i.embedder.EclipseLogger - Using platform encoding (Cp1252 actually) to copy filtered resources, i.e. build is platform dependent!
2022-02-02 15:51:45,017 [Worker-30: Launching Runner] INFO  o.e.m.c.i.embedder.EclipseLogger - Copying 0 resource
2022-02-02 15:51:45,018 [Worker-30: Launching Runner] WARN  o.e.m.c.i.embedder.EclipseLogger - Using platform encoding (Cp1252 actually) to copy filtered resources, i.e. build is platform dependent!
2022-02-02 15:51:45,022 [Worker-30: Launching Runner] INFO  o.e.m.c.i.embedder.EclipseLogger - Copying 1 resource
2022-02-02 16:11:23,606 [Worker-39: Building] WARN  o.e.m.c.i.embedder.EclipseLogger - Using platform encoding (Cp1252 actually) to copy filtered resources, i.e. build is platform dependent!
2022-02-02 16:11:23,910 [Worker-39: Building] INFO  o.e.m.c.i.embedder.EclipseLogger - Copying 0 resource
2022-02-02 16:11:23,911 [Worker-39: Building] WARN  o.e.m.c.i.embedder.EclipseLogger - Using platform encoding (Cp1252 actually) to copy filtered resources, i.e. build is platform dependent!
2022-02-02 16:11:23,999 [Worker-39: Building] INFO  o.e.m.c.i.embedder.EclipseLogger - Copying 1 resource
2022-02-02 16:16:35,041 [Worker-38: Launching Runner] WARN  o.e.m.c.i.embedder.EclipseLogger - Using platform encoding (Cp1252 actually) to copy filtered resources, i.e. build is platform dependent!
2022-02-02 16:16:35,141 [Worker-38: Launching Runner] INFO  o.e.m.c.i.embedder.EclipseLogger - Copying 0 resource
2022-02-02 16:16:35,146 [Worker-38: Launching Runner] WARN  o.e.m.c.i.embedder.EclipseLogger - Using platform encoding (Cp1252 actually) to copy filtered resources, i.e. build is platform dependent!
2022-02-02 16:16:35,154 [Worker-38: Launching Runner] INFO  o.e.m.c.i.embedder.EclipseLogger - Copying 1 resource
2022-02-02 20:40:48,827 [Worker-6: Loading available Gradle versions] INFO  o.e.b.c.i.u.g.PublishedGradleVersions - Gradle version information cache is up-to-date. Trying to read.
2022-02-02 20:48:39,455 [Worker-23: Launching Runner] WARN  o.e.m.c.i.embedder.EclipseLogger - Using platform encoding (Cp1252 actually) to copy filtered resources, i.e. build is platform dependent!
2022-02-02 20:48:39,495 [Worker-23: Launching Runner] INFO  o.e.m.c.i.embedder.EclipseLogger - Copying 0 resource
2022-02-02 20:48:39,501 [Worker-23: Launching Runner] WARN  o.e.m.c.i.embedder.EclipseLogger - Using platform encoding (Cp1252 actually) to copy filtered resources, i.e. build is platform dependent!
2022-02-02 20:48:39,504 [Worker-23: Launching Runner] INFO  o.e.m.c.i.embedder.EclipseLogger - Copying 1 resource
2022-02-02 20:54:17,118 [Worker-2: Launching Runner] WARN  o.e.m.c.i.embedder.EclipseLogger - Using platform encoding (Cp1252 actually) to copy filtered resources, i.e. build is platform dependent!
2022-02-02 20:54:17,125 [Worker-2: Launching Runner] INFO  o.e.m.c.i.embedder.EclipseLogger - Copying 0 resource
2022-02-02 20:54:17,128 [Worker-2: Launching Runner] WARN  o.e.m.c.i.embedder.EclipseLogger - Using platform encoding (Cp1252 actually) to copy filtered resources, i.e. build is platform dependent!
2022-02-02 20:54:17,132 [Worker-2: Launching Runner] INFO  o.e.m.c.i.embedder.EclipseLogger - Copying 1 resource
2022-02-02 20:57:42,268 [Worker-27: Launching Runner] WARN  o.e.m.c.i.embedder.EclipseLogger - Using platform encoding (Cp1252 actually) to copy filtered resources, i.e. build is platform dependent!
2022-02-02 20:57:42,270 [Worker-27: Launching Runner] INFO  o.e.m.c.i.embedder.EclipseLogger - Copying 0 resource
2022-02-02 20:57:42,271 [Worker-27: Launching Runner] WARN  o.e.m.c.i.embedder.EclipseLogger - Using platform encoding (Cp1252 actually) to copy filtered resources, i.e. build is platform dependent!
2022-02-02 20:57:42,275 [Worker-27: Launching Runner] INFO  o.e.m.c.i.embedder.EclipseLogger - Copying 1 resource
2022-02-02 21:01:34,069 [Worker-28: Launching Runner] WARN  o.e.m.c.i.embedder.EclipseLogger - Using platform encoding (Cp1252 actually) to copy filtered resources, i.e. build is platform dependent!
2022-02-02 21:01:34,071 [Worker-28: Launching Runner] INFO  o.e.m.c.i.embedder.EclipseLogger - Copying 0 resource
2022-02-02 21:01:34,073 [Worker-28: Launching Runner] WARN  o.e.m.c.i.embedder.EclipseLogger - Using platform encoding (Cp1252 actually) to copy filtered resources, i.e. build is platform dependent!
2022-02-02 21:01:34,076 [Worker-28: Launching Runner] INFO  o.e.m.c.i.embedder.EclipseLogger - Copying 1 resource
2022-02-02 21:03:33,617 [Worker-38: Launching Runner] WARN  o.e.m.c.i.embedder.EclipseLogger - Using platform encoding (Cp1252 actually) to copy filtered resources, i.e. build is platform dependent!
2022-02-02 21:03:33,620 [Worker-38: Launching Runner] INFO  o.e.m.c.i.embedder.EclipseLogger - Copying 0 resource
2022-02-02 21:03:33,622 [Worker-38: Launching Runner] WARN  o.e.m.c.i.embedder.EclipseLogger - Using platform encoding (Cp1252 actually) to copy filtered resources, i.e. build is platform dependent!
2022-02-02 21:03:33,627 [Worker-38: Launching Runner] INFO  o.e.m.c.i.embedder.EclipseLogger - Copying 1 resource
2022-02-02 21:17:26,137 [Worker-37: Launching bdd.feature] WARN  o.e.m.c.i.embedder.EclipseLogger - Using platform encoding (Cp1252 actually) to copy filtered resources, i.e. build is platform dependent!
2022-02-02 21:17:26,139 [Worker-37: Launching bdd.feature] INFO  o.e.m.c.i.embedder.EclipseLogger - Copying 0 resource
2022-02-02 21:17:26,141 [Worker-37: Launching bdd.feature] WARN  o.e.m.c.i.embedder.EclipseLogger - Using platform encoding (Cp1252 actually) to copy filtered resources, i.e. build is platform dependent!
2022-02-02 21:17:26,146 [Worker-37: Launching bdd.feature] INFO  o.e.m.c.i.embedder.EclipseLogger - Copying 1 resource
2022-02-02 21:20:59,207 [Worker-37: Launching Runner] WARN  o.e.m.c.i.embedder.EclipseLogger - Using platform encoding (Cp1252 actually) to copy filtered resources, i.e. build is platform dependent!
2022-02-02 21:20:59,210 [Worker-37: Launching Runner] INFO  o.e.m.c.i.embedder.EclipseLogger - Copying 0 resource
2022-02-02 21:20:59,211 [Worker-37: Launching Runner] WARN  o.e.m.c.i.embedder.EclipseLogger - Using platform encoding (Cp1252 actually) to copy filtered resources, i.e. build is platform dependent!
2022-02-02 21:20:59,215 [Worker-37: Launching Runner] INFO  o.e.m.c.i.embedder.EclipseLogger - Copying 1 resource
2022-02-02 21:28:07,141 [Worker-48: Launching Runner] WARN  o.e.m.c.i.embedder.EclipseLogger - Using platform encoding (Cp1252 actually) to copy filtered resources, i.e. build is platform dependent!
2022-02-02 21:28:07,143 [Worker-48: Launching Runner] INFO  o.e.m.c.i.embedder.EclipseLogger - Copying 0 resource
2022-02-02 21:28:07,147 [Worker-48: Launching Runner] WARN  o.e.m.c.i.embedder.EclipseLogger - Using platform encoding (Cp1252 actually) to copy filtered resources, i.e. build is platform dependent!
2022-02-02 21:28:07,150 [Worker-48: Launching Runner] INFO  o.e.m.c.i.embedder.EclipseLogger - Copying 1 resource
2022-02-02 21:35:18,229 [Worker-43: Launching Runner] WARN  o.e.m.c.i.embedder.EclipseLogger - Using platform encoding (Cp1252 actually) to copy filtered resources, i.e. build is platform dependent!
2022-02-02 21:35:18,232 [Worker-43: Launching Runner] INFO  o.e.m.c.i.embedder.EclipseLogger - Copying 0 resource
2022-02-02 21:35:18,234 [Worker-43: Launching Runner] WARN  o.e.m.c.i.embedder.EclipseLogger - Using platform encoding (Cp1252 actually) to copy filtered resources, i.e. build is platform dependent!
2022-02-02 21:35:18,237 [Worker-43: Launching Runner] INFO  o.e.m.c.i.embedder.EclipseLogger - Copying 1 resource
2022-02-02 21:41:16,670 [Worker-52: Building] WARN  o.e.m.c.i.embedder.EclipseLogger - Using platform encoding (Cp1252 actually) to copy filtered resources, i.e. build is platform dependent!
2022-02-02 21:41:16,672 [Worker-52: Building] INFO  o.e.m.c.i.embedder.EclipseLogger - Copying 0 resource
2022-02-02 21:41:16,673 [Worker-52: Building] WARN  o.e.m.c.i.embedder.EclipseLogger - Using platform encoding (Cp1252 actually) to copy filtered resources, i.e. build is platform dependent!
2022-02-02 21:41:16,676 [Worker-52: Building] INFO  o.e.m.c.i.embedder.EclipseLogger - Copying 1 resource
2022-02-02 21:42:44,244 [Worker-55: Building] WARN  o.e.m.c.i.embedder.EclipseLogger - Using platform encoding (Cp1252 actually) to copy filtered resources, i.e. build is platform dependent!
2022-02-02 21:42:44,246 [Worker-55: Building] INFO  o.e.m.c.i.embedder.EclipseLogger - Copying 0 resource
2022-02-02 21:42:44,248 [Worker-55: Building] WARN  o.e.m.c.i.embedder.EclipseLogger - Using platform encoding (Cp1252 actually) to copy filtered resources, i.e. build is platform dependent!
2022-02-02 21:42:44,251 [Worker-55: Building] INFO  o.e.m.c.i.embedder.EclipseLogger - Copying 1 resource
2022-02-02 21:46:16,913 [Worker-51: Launching Runner] WARN  o.e.m.c.i.embedder.EclipseLogger - Using platform encoding (Cp1252 actually) to copy filtered resources, i.e. build is platform dependent!
2022-02-02 21:46:16,915 [Worker-51: Launching Runner] INFO  o.e.m.c.i.embedder.EclipseLogger - Copying 0 resource
2022-02-02 21:46:16,917 [Worker-51: Launching Runner] WARN  o.e.m.c.i.embedder.EclipseLogger - Using platform encoding (Cp1252 actually) to copy filtered resources, i.e. build is platform dependent!
2022-02-02 21:46:16,919 [Worker-51: Launching Runner] INFO  o.e.m.c.i.embedder.EclipseLogger - Copying 1 resource
2022-02-02 21:52:10,742 [Worker-52: Launching Runner] WARN  o.e.m.c.i.embedder.EclipseLogger - Using platform encoding (Cp1252 actually) to copy filtered resources, i.e. build is platform dependent!
2022-02-02 21:52:10,745 [Worker-52: Launching Runner] INFO  o.e.m.c.i.embedder.EclipseLogger - Copying 0 resource
2022-02-02 21:52:10,747 [Worker-52: Launching Runner] WARN  o.e.m.c.i.embedder.EclipseLogger - Using platform encoding (Cp1252 actually) to copy filtered resources, i.e. build is platform dependent!
2022-02-02 21:52:10,752 [Worker-52: Launching Runner] INFO  o.e.m.c.i.embedder.EclipseLogger - Copying 1 resource
2022-02-02 21:53:39,675 [Worker-57: Launching Runner] WARN  o.e.m.c.i.embedder.EclipseLogger - Using platform encoding (Cp1252 actually) to copy filtered resources, i.e. build is platform dependent!
2022-02-02 21:53:39,677 [Worker-57: Launching Runner] INFO  o.e.m.c.i.embedder.EclipseLogger - Copying 0 resource
2022-02-02 21:53:39,678 [Worker-57: Launching Runner] WARN  o.e.m.c.i.embedder.EclipseLogger - Using platform encoding (Cp1252 actually) to copy filtered resources, i.e. build is platform dependent!
2022-02-02 21:53:39,681 [Worker-57: Launching Runner] INFO  o.e.m.c.i.embedder.EclipseLogger - Copying 1 resource
2022-02-02 21:57:57,054 [Worker-59: Launching Runner] WARN  o.e.m.c.i.embedder.EclipseLogger - Using platform encoding (Cp1252 actually) to copy filtered resources, i.e. build is platform dependent!
2022-02-02 21:57:57,056 [Worker-59: Launching Runner] INFO  o.e.m.c.i.embedder.EclipseLogger - Copying 0 resource
2022-02-02 21:57:57,058 [Worker-59: Launching Runner] WARN  o.e.m.c.i.embedder.EclipseLogger - Using platform encoding (Cp1252 actually) to copy filtered resources, i.e. build is platform dependent!
2022-02-02 21:57:57,061 [Worker-59: Launching Runner] INFO  o.e.m.c.i.embedder.EclipseLogger - Copying 1 resource
2022-02-02 22:05:42,010 [Worker-64: Building] WARN  o.e.m.c.i.embedder.EclipseLogger - Using platform encoding (Cp1252 actually) to copy filtered resources, i.e. build is platform dependent!
2022-02-02 22:05:42,012 [Worker-64: Building] INFO  o.e.m.c.i.embedder.EclipseLogger - Copying 0 resource
2022-02-02 22:05:42,016 [Worker-64: Building] WARN  o.e.m.c.i.embedder.EclipseLogger - Using platform encoding (Cp1252 actually) to copy filtered resources, i.e. build is platform dependent!
2022-02-02 22:05:42,018 [Worker-64: Building] INFO  o.e.m.c.i.embedder.EclipseLogger - Copying 1 resource
2022-02-03 09:14:20,391 [Worker-13: Loading available Gradle versions] INFO  o.e.b.c.i.u.g.PublishedGradleVersions - Gradle version information cache is out-of-date. Trying to update.
2022-02-03 09:14:40,199 [Worker-1: Launching Runner] WARN  o.e.m.c.i.embedder.EclipseLogger - Using platform encoding (Cp1252 actually) to copy filtered resources, i.e. build is platform dependent!
2022-02-03 09:14:40,274 [Worker-1: Launching Runner] INFO  o.e.m.c.i.embedder.EclipseLogger - Copying 0 resource
2022-02-03 09:14:40,281 [Worker-1: Launching Runner] WARN  o.e.m.c.i.embedder.EclipseLogger - Using platform encoding (Cp1252 actually) to copy filtered resources, i.e. build is platform dependent!
2022-02-03 09:14:40,285 [Worker-1: Launching Runner] INFO  o.e.m.c.i.embedder.EclipseLogger - Copying 1 resource
2022-02-03 09:18:19,025 [Worker-6: Launching Runner] WARN  o.e.m.c.i.embedder.EclipseLogger - Using platform encoding (Cp1252 actually) to copy filtered resources, i.e. build is platform dependent!
2022-02-03 09:18:19,029 [Worker-6: Launching Runner] INFO  o.e.m.c.i.embedder.EclipseLogger - Copying 0 resource
2022-02-03 09:18:19,031 [Worker-6: Launching Runner] WARN  o.e.m.c.i.embedder.EclipseLogger - Using platform encoding (Cp1252 actually) to copy filtered resources, i.e. build is platform dependent!
2022-02-03 09:18:19,034 [Worker-6: Launching Runner] INFO  o.e.m.c.i.embedder.EclipseLogger - Copying 1 resource
2022-02-03 09:40:27,784 [Worker-25: Launching Runner] WARN  o.e.m.c.i.embedder.EclipseLogger - Using platform encoding (Cp1252 actually) to copy filtered resources, i.e. build is platform dependent!
2022-02-03 09:40:27,786 [Worker-25: Launching Runner] INFO  o.e.m.c.i.embedder.EclipseLogger - Copying 0 resource
2022-02-03 09:40:27,787 [Worker-25: Launching Runner] WARN  o.e.m.c.i.embedder.EclipseLogger - Using platform encoding (Cp1252 actually) to copy filtered resources, i.e. build is platform dependent!
2022-02-03 09:40:27,789 [Worker-25: Launching Runner] INFO  o.e.m.c.i.embedder.EclipseLogger - Copying 1 resource
2022-02-03 09:43:25,803 [Worker-13: Launching Runner] WARN  o.e.m.c.i.embedder.EclipseLogger - Using platform encoding (Cp1252 actually) to copy filtered resources, i.e. build is platform dependent!
2022-02-03 09:43:25,804 [Worker-13: Launching Runner] INFO  o.e.m.c.i.embedder.EclipseLogger - Copying 0 resource
2022-02-03 09:43:25,805 [Worker-13: Launching Runner] WARN  o.e.m.c.i.embedder.EclipseLogger - Using platform encoding (Cp1252 actually) to copy filtered resources, i.e. build is platform dependent!
2022-02-03 09:43:25,807 [Worker-13: Launching Runner] INFO  o.e.m.c.i.embedder.EclipseLogger - Copying 1 resource
2022-02-03 09:45:55,127 [Worker-26: Launching Runner] WARN  o.e.m.c.i.embedder.EclipseLogger - Using platform encoding (Cp1252 actually) to copy filtered resources, i.e. build is platform dependent!
2022-02-03 09:45:55,129 [Worker-26: Launching Runner] INFO  o.e.m.c.i.embedder.EclipseLogger - Copying 0 resource
2022-02-03 09:45:55,139 [Worker-26: Launching Runner] WARN  o.e.m.c.i.embedder.EclipseLogger - Using platform encoding (Cp1252 actually) to copy filtered resources, i.e. build is platform dependent!
2022-02-03 09:45:55,140 [Worker-26: Launching Runner] INFO  o.e.m.c.i.embedder.EclipseLogger - Copying 1 resource
2022-02-03 09:47:42,601 [Worker-30: Launching Runner] WARN  o.e.m.c.i.embedder.EclipseLogger - Using platform encoding (Cp1252 actually) to copy filtered resources, i.e. build is platform dependent!
2022-02-03 09:47:42,603 [Worker-30: Launching Runner] INFO  o.e.m.c.i.embedder.EclipseLogger - Copying 0 resource
2022-02-03 09:47:42,604 [Worker-30: Launching Runner] WARN  o.e.m.c.i.embedder.EclipseLogger - Using platform encoding (Cp1252 actually) to copy filtered resources, i.e. build is platform dependent!
2022-02-03 09:47:42,606 [Worker-30: Launching Runner] INFO  o.e.m.c.i.embedder.EclipseLogger - Copying 1 resource
2022-02-03 09:49:29,215 [Worker-30: Launching Runner] WARN  o.e.m.c.i.embedder.EclipseLogger - Using platform encoding (Cp1252 actually) to copy filtered resources, i.e. build is platform dependent!
2022-02-03 09:49:29,217 [Worker-30: Launching Runner] INFO  o.e.m.c.i.embedder.EclipseLogger - Copying 0 resource
2022-02-03 09:49:29,218 [Worker-30: Launching Runner] WARN  o.e.m.c.i.embedder.EclipseLogger - Using platform encoding (Cp1252 actually) to copy filtered resources, i.e. build is platform dependent!
2022-02-03 09:49:29,220 [Worker-30: Launching Runner] INFO  o.e.m.c.i.embedder.EclipseLogger - Copying 1 resource
2022-02-03 09:51:49,794 [Worker-13: Launching Runner] WARN  o.e.m.c.i.embedder.EclipseLogger - Using platform encoding (Cp1252 actually) to copy filtered resources, i.e. build is platform dependent!
2022-02-03 09:51:49,795 [Worker-13: Launching Runner] INFO  o.e.m.c.i.embedder.EclipseLogger - Copying 0 resource
2022-02-03 09:51:49,797 [Worker-13: Launching Runner] WARN  o.e.m.c.i.embedder.EclipseLogger - Using platform encoding (Cp1252 actually) to copy filtered resources, i.e. build is platform dependent!
2022-02-03 09:51:49,798 [Worker-13: Launching Runner] INFO  o.e.m.c.i.embedder.EclipseLogger - Copying 1 resource
2022-02-03 09:53:30,425 [Worker-34: Launching Runner] WARN  o.e.m.c.i.embedder.EclipseLogger - Using platform encoding (Cp1252 actually) to copy filtered resources, i.e. build is platform dependent!
2022-02-03 09:53:30,426 [Worker-34: Launching Runner] INFO  o.e.m.c.i.embedder.EclipseLogger - Copying 0 resource
2022-02-03 09:53:30,427 [Worker-34: Launching Runner] WARN  o.e.m.c.i.embedder.EclipseLogger - Using platform encoding (Cp1252 actually) to copy filtered resources, i.e. build is platform dependent!
2022-02-03 09:53:30,429 [Worker-34: Launching Runner] INFO  o.e.m.c.i.embedder.EclipseLogger - Copying 1 resource
2022-02-03 09:54:51,217 [Worker-33: Launching Runner] WARN  o.e.m.c.i.embedder.EclipseLogger - Using platform encoding (Cp1252 actually) to copy filtered resources, i.e. build is platform dependent!
2022-02-03 09:54:51,218 [Worker-33: Launching Runner] INFO  o.e.m.c.i.embedder.EclipseLogger - Copying 0 resource
2022-02-03 09:54:51,219 [Worker-33: Launching Runner] WARN  o.e.m.c.i.embedder.EclipseLogger - Using platform encoding (Cp1252 actually) to copy filtered resources, i.e. build is platform dependent!
2022-02-03 09:54:51,221 [Worker-33: Launching Runner] INFO  o.e.m.c.i.embedder.EclipseLogger - Copying 1 resource
2022-02-03 09:55:41,599 [Worker-35: Building] WARN  o.e.m.c.i.embedder.EclipseLogger - Using platform encoding (Cp1252 actually) to copy filtered resources, i.e. build is platform dependent!
2022-02-03 09:55:41,601 [Worker-35: Building] INFO  o.e.m.c.i.embedder.EclipseLogger - Copying 0 resource
2022-02-03 09:55:41,602 [Worker-35: Building] WARN  o.e.m.c.i.embedder.EclipseLogger - Using platform encoding (Cp1252 actually) to copy filtered resources, i.e. build is platform dependent!
2022-02-03 09:55:41,604 [Worker-35: Building] INFO  o.e.m.c.i.embedder.EclipseLogger - Copying 0 resource
2022-02-03 09:56:16,165 [Worker-26: Launching Runner] WARN  o.e.m.c.i.embedder.EclipseLogger - Using platform encoding (Cp1252 actually) to copy filtered resources, i.e. build is platform dependent!
2022-02-03 09:56:16,166 [Worker-26: Launching Runner] INFO  o.e.m.c.i.embedder.EclipseLogger - Copying 0 resource
2022-02-03 09:56:16,167 [Worker-26: Launching Runner] WARN  o.e.m.c.i.embedder.EclipseLogger - Using platform encoding (Cp1252 actually) to copy filtered resources, i.e. build is platform dependent!
2022-02-03 09:56:16,169 [Worker-26: Launching Runner] INFO  o.e.m.c.i.embedder.EclipseLogger - Copying 1 resource
